#
# There is insufficient memory for the Java Runtime Environment to continue.
# Native memory allocation (malloc) failed to allocate 1048576 bytes for AllocateHeap
# Possible reasons:
#   The system is out of physical RAM or swap space
#   In 32 bit mode, the process size limit was hit
# Possible solutions:
#   Reduce memory load on the system
#   Increase physical memory or swap space
#   Check if swap backing store is full
#   Use 64 bit Java on a 64 bit OS
#   Decrease Java heap size (-Xmx/-Xms)
#   Decrease number of Java threads
#   Decrease Java thread stack sizes (-Xss)
#   Set larger code cache with -XX:ReservedCodeCacheSize=
# This output file may be truncated or incomplete.
#
#  Out of Memory Error (memory/allocation.inline.hpp:61), pid=1152, tid=0x0000000000001f80
#
# JRE version:  (8.0_144-b01) (build )
# Java VM: Java HotSpot(TM) 64-Bit Server VM (25.144-b01 mixed mode windows-amd64 compressed oops)
# Failed to write core dump. Minidumps are not enabled by default on client versions of Windows
#

---------------  T H R E A D  ---------------

Current thread (0x000000000198d800):  JavaThread "Unknown thread" [_thread_in_vm, id=8064, stack(0x0000000003190000,0x0000000003290000)]

Stack: [0x0000000003190000,0x0000000003290000]
[error occurred during error reporting (printing stack bounds), id 0xc0000005]

Native frames: (J=compiled Java code, j=interpreted, Vv=VM code, C=native code)


---------------  P R O C E S S  ---------------

Java Threads: ( => current thread )

Other Threads:

=>0x000000000198d800 (exited) JavaThread "Unknown thread" [_thread_in_vm, id=8064, stack(0x0000000003190000,0x0000000003290000)]

VM state:not at safepoint (normal execution)

VM Mutex/Monitor currently owned by a thread: None

Heap:
 PSYoungGen      total 38400K, used 665K [0x00000000d5f80000, 0x00000000d8a00000, 0x0000000100000000)
  eden space 33280K, 2% used [0x00000000d5f80000,0x00000000d6026670,0x00000000d8000000)
  from space 5120K, 0% used [0x00000000d8500000,0x00000000d8500000,0x00000000d8a00000)
  to   space 5120K, 0% used [0x00000000d8000000,0x00000000d8000000,0x00000000d8500000)
 ParOldGen       total 87552K, used 0K [0x0000000081e00000, 0x0000000087380000, 0x00000000d5f80000)
  object space 87552K, 0% used [0x0000000081e00000,0x0000000081e00000,0x0000000087380000)
 Metaspace       used 770K, capacity 4480K, committed 4480K, reserved 1056768K
  class space    used 75K, capacity 384K, committed 384K, reserved 1048576K

Card table byte_map: [0x0000000012750000,0x0000000012b50000] byte_map_base: 0x0000000012341000

Marking Bits: (ParMarkBitMap*) 0x00000000577ed850
 Begin Bits: [0x0000000013200000, 0x0000000015188000)
 End Bits:   [0x0000000015188000, 0x0000000017110000)

Polling page: 0x0000000001910000

CodeCache: size=245760Kb used=328Kb max_used=328Kb free=245431Kb
 bounds [0x0000000003390000, 0x0000000003600000, 0x0000000012390000]
 total_blobs=58 nmethods=0 adapters=38
 compilation: enabled

Compilation events (0 events):
No events

GC Heap History (0 events):
No events

Deoptimization events (0 events):
No events

Internal exceptions (0 events):
No events

Events (10 events):
Event: 0.035 loading class java/lang/Short
Event: 0.039 loading class java/lang/Short done
Event: 0.039 loading class java/lang/Integer
Event: 0.039 loading class java/lang/Integer done
Event: 0.039 loading class java/lang/Long
Event: 0.039 loading class java/lang/Long done
Event: 0.040 loading class java/lang/NullPointerException
Event: 0.040 loading class java/lang/NullPointerException done
Event: 0.040 loading class java/lang/ArithmeticException
Event: 0.040 loading class java/lang/ArithmeticException done


Dynamic libraries:
0x00007ff67c190000 - 0x00007ff67c1c7000 	C:\Program Files\Java\jdk1.8.0_144\bin\javaw.exe
0x00007ff8bbf70000 - 0x00007ff8bc14b000 	C:\WINDOWS\SYSTEM32\ntdll.dll
0x00007ff8bbda0000 - 0x00007ff8bbe4e000 	C:\WINDOWS\System32\KERNEL32.DLL
0x00007ff8b8e90000 - 0x00007ff8b90d9000 	C:\WINDOWS\System32\KERNELBASE.dll
0x00007ff8bb870000 - 0x00007ff8bb911000 	C:\WINDOWS\System32\ADVAPI32.dll
0x00007ff8ba160000 - 0x00007ff8ba1fd000 	C:\WINDOWS\System32\msvcrt.dll
0x00007ff8bbf10000 - 0x00007ff8bbf69000 	C:\WINDOWS\System32\sechost.dll
0x00007ff8bbc70000 - 0x00007ff8bbd95000 	C:\WINDOWS\System32\RPCRT4.dll
0x00007ff8b9b40000 - 0x00007ff8b9c8a000 	C:\WINDOWS\System32\USER32.dll
0x00007ff8b90e0000 - 0x00007ff8b90fe000 	C:\WINDOWS\System32\win32u.dll
0x00007ff8b9f90000 - 0x00007ff8b9fb7000 	C:\WINDOWS\System32\GDI32.dll
0x00007ff8b9170000 - 0x00007ff8b92f8000 	C:\WINDOWS\System32\gdi32full.dll
0x00007ff8b8490000 - 0x00007ff8b852a000 	C:\WINDOWS\System32\msvcp_win.dll
0x00007ff8b8590000 - 0x00007ff8b8686000 	C:\WINDOWS\System32\ucrtbase.dll
0x00007ff8ab750000 - 0x00007ff8ab9b7000 	C:\WINDOWS\WinSxS\amd64_microsoft.windows.common-controls_6595b64144ccf1df_6.0.15063.483_none_26002d27e7c744a2\COMCTL32.dll
0x00007ff8b9c90000 - 0x00007ff8b9f89000 	C:\WINDOWS\System32\combase.dll
0x00007ff8b9100000 - 0x00007ff8b916a000 	C:\WINDOWS\System32\bcryptPrimitives.dll
0x00007ff8bbaa0000 - 0x00007ff8bbacd000 	C:\WINDOWS\System32\IMM32.DLL
0x0000000057870000 - 0x0000000057942000 	C:\Program Files\Java\jdk1.8.0_144\jre\bin\msvcr100.dll
0x0000000056fd0000 - 0x000000005786d000 	C:\Program Files\Java\jdk1.8.0_144\jre\bin\server\jvm.dll
0x00007ff8bb800000 - 0x00007ff8bb808000 	C:\WINDOWS\System32\PSAPI.DLL
0x00007ff8b3f50000 - 0x00007ff8b3f59000 	C:\WINDOWS\SYSTEM32\WSOCK32.dll
0x00007ff8b69c0000 - 0x00007ff8b69e3000 	C:\WINDOWS\SYSTEM32\WINMM.dll
0x00007ff8bba30000 - 0x00007ff8bba9c000 	C:\WINDOWS\System32\WS2_32.dll
0x00007ff8b1d10000 - 0x00007ff8b1d1a000 	C:\WINDOWS\SYSTEM32\VERSION.dll
0x00007ff8b6910000 - 0x00007ff8b693b000 	C:\WINDOWS\SYSTEM32\WINMMBASE.dll
0x00007ff8b8e40000 - 0x00007ff8b8e89000 	C:\WINDOWS\System32\cfgmgr32.dll
0x0000000056fc0000 - 0x0000000056fcf000 	C:\Program Files\Java\jdk1.8.0_144\jre\bin\verify.dll
0x0000000056f90000 - 0x0000000056fb9000 	C:\Program Files\Java\jdk1.8.0_144\jre\bin\java.dll
0x0000000056f70000 - 0x0000000056f86000 	C:\Program Files\Java\jdk1.8.0_144\jre\bin\zip.dll

VM Arguments:
jvm_args: -Dmaven.home=EMBEDDED -Dclassworlds.conf=C:\Softwares\mavenproject\.metadata\.plugins\org.eclipse.m2e.launching\launches\m2conf6362987296474323076.tmp -Dmaven.multiModuleProjectDirectory=C:\Softwares\mavenproject\PrasBoot -Dfile.encoding=Cp1252 
java_command: org.codehaus.plexus.classworlds.launcher.Launcher -B clean
java_class_path (initial): /C:/Softwares/sts-3.8.3.RELEASE/plugins/org.eclipse.m2e.maven.runtime_1.7.1.20161104-1803/jars/plexus-classworlds-2.5.2.jar
Launcher Type: SUN_STANDARD

Environment Variables:
JAVA_HOME=C:\Program Files\Java\jdk1.8.0_31
PATH=C:/Program Files/Java/jre1.8.0_151/bin/server;C:/Program Files/Java/jre1.8.0_151/bin;C:/Program Files/Java/jre1.8.0_151/lib/amd64;C:\ProgramData\Oracle\Java\javapath;C:\Program Files (x86)\Intel\iCLS Client\;C:\Program Files\Intel\iCLS Client\;C:\Windows\system32;C:\Windows;C:\Windows\System32\Wbem;C:\Windows\System32\WindowsPowerShell\v1.0\;C:\Program Files (x86)\Intel\Intel(R) Management Engine Components\DAL;C:\Program Files\Intel\Intel(R) Management Engine Components\DAL;C:\Program Files (x86)\Intel\Intel(R) Management Engine Components\IPT;C:\Program Files\Intel\Intel(R) Management Engine Components\IPT;C:\Program Files\Java\jdk1.8.0_66\bin;C:\Softwares\apache-maven-3.3.9\bin;C:\WINDOWS\system32;C:\WINDOWS;C:\WINDOWS\System32\Wbem;C:\WINDOWS\System32\WindowsPowerShell\v1.0\;C:\Program Files\PuTTY\;C:\Program Files (x86)\Skype\Phone\;C:\Program Files\Intel\WiFi\bin\;C:\Program Files\Common Files\Intel\WirelessCommon\;C:\WINDOWS\system32;C:\WINDOWS;C:\WINDOWS\System32\Wbem;C:\WINDOWS\System32\WindowsPowerShell\v1.0\;%GROOVY_HOME%\bin;%GRAILS_HOME%\bin;C:\Program Files\nodejs\;C:\Program Files\MySQL\MySQL Utilities 1.6\;C:\Program Files (x86)\Conan\conan;C:\Users\sarath\AppData\Local\Microsoft\WindowsApps;C:\Users\sarath\AppData\Local\Programs\Python\Python35;C:\Users\sarath\AppData\Local\Programs\Python\Python35\Scripts;C:\Users\sarath\AppData\Roaming\Python\Python35\Scripts;C:\Users\sarath\Downloads\apache-groovy-binary-2.4.12\groovy-2.4.12;\bin;C:\Users\sarath\Downloads\grails-3.3.1\grails-3.3.1\bin;C:\Program Files\Java\jdk1.8.0_31\bin;C:\Softwares\boxfuse;C:\Users\sarath\AppData\Roaming\npm;C:\Users\sarath\AppData\Local\atom\bin;c:\Program Files\MySql\MySQL Server 5.7\bin\;;C:\Softwares\sts-3.8.3.RELEASE;
USERNAME=sarath
OS=Windows_NT
PROCESSOR_IDENTIFIER=Intel64 Family 6 Model 94 Stepping 3, GenuineIntel



---------------  S Y S T E M  ---------------

OS: Windows 10.0 , 64 bit Build 15063 (10.0.15063.296)

CPU:total 4 (initial active 4) (4 cores per cpu, 1 threads per core) family 6 model 94 stepping 3, cmov, cx8, fxsr, mmx, sse, sse2, sse3, ssse3, sse4.1, sse4.2, popcnt, avx, avx2, aes, clmul, erms, rtm, 3dnowpref, lzcnt, tsc, tscinvbit, bmi1, bmi2, adx

Memory: 4k page, physical 8258824k(2027548k free), swap 11404552k(5476k free)

vm_info: Java HotSpot(TM) 64-Bit Server VM (25.144-b01) for windows-amd64 JRE (1.8.0_144-b01), built on Jul 21 2017 21:57:33 by "java_re" with MS VC++ 10.0 (VS2010)

time: Tue Jan 02 11:23:03 2018
elapsed time: 0 seconds (0d 0h 0m 0s)

